<?xml version="1.0" encoding="UTF-8"?>
<testsuite name="clonecoding.velog_clone.VelogCloneApplicationTests" tests="1" skipped="0" failures="0" errors="0" timestamp="2025-03-23T08:02:29.152Z" hostname="탁찬홍" time="0.892">
  <properties/>
  <testcase name="test_01()" classname="clonecoding.velog_clone.VelogCloneApplicationTests" time="0.892"/>
  <system-out><![CDATA[17:02:27.096 [Test worker] INFO org.springframework.test.context.support.AnnotationConfigContextLoaderUtils -- Could not detect default configuration classes for test class [clonecoding.velog_clone.VelogCloneApplicationTests]: VelogCloneApplicationTests does not declare any static, non-private, non-final, nested classes annotated with @Configuration.
17:02:27.187 [Test worker] INFO org.springframework.boot.test.context.SpringBootTestContextBootstrapper -- Found @SpringBootConfiguration clonecoding.velog_clone.VelogCloneApplication for test class clonecoding.velog_clone.VelogCloneApplicationTests

  .   ____          _            __ _ _
 /\\ / ___'_ __ _ _(_)_ __  __ _ \ \ \ \
( ( )\___ | '_ | '_| | '_ \/ _` | \ \ \ \
 \\/  ___)| |_)| | | | | || (_| |  ) ) ) )
  '  |____| .__|_| |_|_| |_\__, | / / / /
 =========|_|==============|___/=/_/_/_/

 :: Spring Boot ::                (v3.4.4)

2025-03-23T17:02:27.487+09:00  INFO 24244 --- [    Test worker] c.v.VelogCloneApplicationTests           : Starting VelogCloneApplicationTests using Java 17.0.11 with PID 24244 (started by Takch in D:\jdbc\mybatis\velog_clone)
2025-03-23T17:02:27.489+09:00  INFO 24244 --- [    Test worker] c.v.VelogCloneApplicationTests           : No active profile set, falling back to 1 default profile: "default"
2025-03-23T17:02:29.139+09:00  INFO 24244 --- [    Test worker] c.v.VelogCloneApplicationTests           : Started VelogCloneApplicationTests in 1.84 seconds (process running for 2.671)
2025-03-23T17:02:29.770+09:00  INFO 24244 --- [    Test worker] com.zaxxer.hikari.HikariDataSource       : HikariPool-1 - Starting...
2025-03-23T17:02:30.001+09:00  INFO 24244 --- [    Test worker] com.zaxxer.hikari.pool.HikariPool        : HikariPool-1 - Added connection com.mysql.cj.jdbc.ConnectionImpl@7bef7505
2025-03-23T17:02:30.003+09:00  INFO 24244 --- [    Test worker] com.zaxxer.hikari.HikariDataSource       : HikariPool-1 - Start completed.
]]></system-out>
  <system-err><![CDATA[]]></system-err>
</testsuite>
